

Started GET "/assets/rails.png" for 127.0.0.1 at Mon Oct 10 22:52:21 +0200 2011
Served asset /rails.png - 200 OK (5ms)


Started GET "/assets/rails.png" for 127.0.0.1 at Mon Oct 10 23:56:02 +0200 2011
Served asset /rails.png - 304 Not Modified (0ms)


Started GET "/" for 127.0.0.1 at Tue Oct 11 01:05:49 +0200 2011

ActionController::RoutingError (No route matches [GET] "/"):
  

Rendered /Users/wezzy/.rvm/gems/ruby-1.8.7-p352/gems/actionpack-3.1.0/lib/action_dispatch/middleware/templates/rescues/routing_error.erb within rescues/layout (3.4ms)


Started GET "/Main" for 127.0.0.1 at Tue Oct 11 01:05:58 +0200 2011

ActionController::RoutingError (No route matches [GET] "/Main"):
  

Rendered /Users/wezzy/.rvm/gems/ruby-1.8.7-p352/gems/actionpack-3.1.0/lib/action_dispatch/middleware/templates/rescues/routing_error.erb within rescues/layout (0.6ms)


Started GET "/Main" for 127.0.0.1 at Tue Oct 11 01:05:59 +0200 2011

ActionController::RoutingError (No route matches [GET] "/Main"):
  

Rendered /Users/wezzy/.rvm/gems/ruby-1.8.7-p352/gems/actionpack-3.1.0/lib/action_dispatch/middleware/templates/rescues/routing_error.erb within rescues/layout (0.5ms)


Started GET "/MainController" for 127.0.0.1 at Tue Oct 11 01:06:09 +0200 2011

ActionController::RoutingError (No route matches [GET] "/MainController"):
  

Rendered /Users/wezzy/.rvm/gems/ruby-1.8.7-p352/gems/actionpack-3.1.0/lib/action_dispatch/middleware/templates/rescues/routing_error.erb within rescues/layout (0.5ms)


Started GET "/Main" for 127.0.0.1 at Tue Oct 11 01:07:56 +0200 2011

ActionController::RoutingError (No route matches [GET] "/Main"):
  

Rendered /Users/wezzy/.rvm/gems/ruby-1.8.7-p352/gems/actionpack-3.1.0/lib/action_dispatch/middleware/templates/rescues/routing_error.erb within rescues/layout (1.0ms)


Started GET "/Main" for 127.0.0.1 at Tue Oct 11 01:08:43 +0200 2011

ActionController::RoutingError (No route matches [GET] "/Main"):
  

Rendered /Users/wezzy/.rvm/gems/ruby-1.8.7-p352/gems/actionpack-3.1.0/lib/action_dispatch/middleware/templates/rescues/routing_error.erb within rescues/layout (3.2ms)


Started GET "/main/index" for 127.0.0.1 at Tue Oct 11 01:08:50 +0200 2011
  Processing by MainController#index as HTML
Rendered main/index.html.erb within layouts/application (0.3ms)
Compiled application.css  (3ms)  (pid 26508)
Compiled main.css  (4ms)  (pid 26508)
Compiled application.js  (8ms)  (pid 26508)
Compiled jquery.js  (25ms)  (pid 26508)
Compiled jquery_ujs.js  (2ms)  (pid 26508)
Compiled main.js  (255ms)  (pid 26508)
Completed 200 OK in 352ms (Views: 351.7ms | ActiveRecord: 0.0ms)


Started GET "/assets/main.css?body=1" for 127.0.0.1 at Tue Oct 11 01:08:51 +0200 2011
Served asset /main.css - 200 OK (5ms)


Started GET "/assets/application.css?body=1" for 127.0.0.1 at Tue Oct 11 01:08:51 +0200 2011
Served asset /application.css - 200 OK (3ms)


Started GET "/assets/jquery.js?body=1" for 127.0.0.1 at Tue Oct 11 01:08:51 +0200 2011
Served asset /jquery.js - 200 OK (13ms)


Started GET "/assets/jquery_ujs.js?body=1" for 127.0.0.1 at Tue Oct 11 01:08:51 +0200 2011
Served asset /jquery_ujs.js - 200 OK (18ms)


Started GET "/assets/main.js?body=1" for 127.0.0.1 at Tue Oct 11 01:08:51 +0200 2011
Served asset /main.js - 200 OK (7ms)


Started GET "/assets/application.js?body=1" for 127.0.0.1 at Tue Oct 11 01:08:51 +0200 2011
Served asset /application.js - 200 OK (7ms)


Started GET "/main/index" for 127.0.0.1 at Tue Oct 11 01:09:10 +0200 2011
  Processing by MainController#index as HTML
Rendered main/index.html.erb within layouts/application (0.8ms)
Completed 200 OK in 9ms (Views: 8.4ms | ActiveRecord: 0.0ms)


Started GET "/assets/jquery.js?body=1" for 127.0.0.1 at Tue Oct 11 01:09:10 +0200 2011
Served asset /jquery.js - 304 Not Modified (0ms)


Started GET "/assets/jquery_ujs.js?body=1" for 127.0.0.1 at Tue Oct 11 01:09:10 +0200 2011
Served asset /jquery_ujs.js - 304 Not Modified (0ms)


Started GET "/assets/main.js?body=1" for 127.0.0.1 at Tue Oct 11 01:09:10 +0200 2011
Served asset /main.js - 304 Not Modified (0ms)


Started GET "/assets/application.css?body=1" for 127.0.0.1 at Tue Oct 11 01:09:10 +0200 2011
Served asset /application.css - 304 Not Modified (0ms)


Started GET "/assets/application.js?body=1" for 127.0.0.1 at Tue Oct 11 01:09:10 +0200 2011
Served asset /application.js - 304 Not Modified (0ms)


Started GET "/assets/main.css?body=1" for 127.0.0.1 at Tue Oct 11 01:09:10 +0200 2011
Served asset /main.css - 304 Not Modified (0ms)


Started GET "/main/index" for 127.0.0.1 at Tue Oct 11 01:10:40 +0200 2011
  Processing by MainController#index as HTML
Rendered main/index.html.erb within layouts/application (0.1ms)
Compiled application.js  (1678ms)  (pid 26508)
Compiled ext-4.0.2a/bootstrap.js  (1ms)  (pid 26508)
Compiled ext-4.0.2a/ext-all-debug-w-comments.js  (244ms)  (pid 26508)
Compiled ext-4.0.2a/ext-all-debug.js  (160ms)  (pid 26508)
Compiled ext-4.0.2a/ext-all-dev.js  (144ms)  (pid 26508)
Compiled ext-4.0.2a/ext-all.js  (72ms)  (pid 26508)
Compiled ext-4.0.2a/ext-debug.js  (16ms)  (pid 26508)
Compiled ext-4.0.2a/ext-dev.js  (30ms)  (pid 26508)
Compiled ext-4.0.2a/ext.js  (11ms)  (pid 26508)
Compiled ext-4.0.2a/locale/ext-lang-af.js  (14ms)  (pid 26508)
Compiled ext-4.0.2a/locale/ext-lang-bg.js  (1ms)  (pid 26508)
Compiled ext-4.0.2a/locale/ext-lang-ca.js  (1ms)  (pid 26508)
Compiled ext-4.0.2a/locale/ext-lang-cs.js  (0ms)  (pid 26508)
Compiled ext-4.0.2a/locale/ext-lang-da.js  (1ms)  (pid 26508)
Compiled ext-4.0.2a/locale/ext-lang-de.js  (9ms)  (pid 26508)
Compiled ext-4.0.2a/locale/ext-lang-el_GR.js  (2ms)  (pid 26508)
Compiled ext-4.0.2a/locale/ext-lang-en.js  (1ms)  (pid 26508)
Compiled ext-4.0.2a/locale/ext-lang-en_GB.js  (1ms)  (pid 26508)
Compiled ext-4.0.2a/locale/ext-lang-es.js  (3ms)  (pid 26508)
Compiled ext-4.0.2a/locale/ext-lang-fa.js  (1ms)  (pid 26508)
Compiled ext-4.0.2a/locale/ext-lang-fi.js  (2ms)  (pid 26508)
Compiled ext-4.0.2a/locale/ext-lang-fr.js  (1ms)  (pid 26508)
Compiled ext-4.0.2a/locale/ext-lang-fr_CA.js  (3ms)  (pid 26508)
Compiled ext-4.0.2a/locale/ext-lang-gr.js  (1ms)  (pid 26508)
Compiled ext-4.0.2a/locale/ext-lang-he.js  (2ms)  (pid 26508)
Compiled ext-4.0.2a/locale/ext-lang-hr.js  (1ms)  (pid 26508)
Compiled ext-4.0.2a/locale/ext-lang-hu.js  (1ms)  (pid 26508)
Compiled ext-4.0.2a/locale/ext-lang-id.js  (1ms)  (pid 26508)
Compiled ext-4.0.2a/locale/ext-lang-it.js  (2ms)  (pid 26508)
Compiled ext-4.0.2a/locale/ext-lang-ja.js  (1ms)  (pid 26508)
Compiled ext-4.0.2a/locale/ext-lang-ko.js  (0ms)  (pid 26508)
Compiled ext-4.0.2a/locale/ext-lang-lt.js  (2ms)  (pid 26508)
Compiled ext-4.0.2a/locale/ext-lang-lv.js  (2ms)  (pid 26508)
Compiled ext-4.0.2a/locale/ext-lang-mk.js  (2ms)  (pid 26508)
Compiled ext-4.0.2a/locale/ext-lang-nl.js  (1ms)  (pid 26508)
Compiled ext-4.0.2a/locale/ext-lang-no_NB.js  (4ms)  (pid 26508)
Compiled ext-4.0.2a/locale/ext-lang-no_NN.js  (2ms)  (pid 26508)
Compiled ext-4.0.2a/locale/ext-lang-pl.js  (1ms)  (pid 26508)
Compiled ext-4.0.2a/locale/ext-lang-pt.js  (2ms)  (pid 26508)
Compiled ext-4.0.2a/locale/ext-lang-pt_BR.js  (1ms)  (pid 26508)
Compiled ext-4.0.2a/locale/ext-lang-pt_PT.js  (2ms)  (pid 26508)
Compiled ext-4.0.2a/locale/ext-lang-ro.js  (1ms)  (pid 26508)
Compiled ext-4.0.2a/locale/ext-lang-ru.js  (2ms)  (pid 26508)
Compiled ext-4.0.2a/locale/ext-lang-sk.js  (1ms)  (pid 26508)
Compiled ext-4.0.2a/locale/ext-lang-sl.js  (1ms)  (pid 26508)
Compiled ext-4.0.2a/locale/ext-lang-sr.js  (1ms)  (pid 26508)
Compiled ext-4.0.2a/locale/ext-lang-sr_RS.js  (1ms)  (pid 26508)
Compiled ext-4.0.2a/locale/ext-lang-sv_SE.js  (1ms)  (pid 26508)
Compiled ext-4.0.2a/locale/ext-lang-th.js  (1ms)  (pid 26508)
Compiled ext-4.0.2a/locale/ext-lang-tr.js  (1ms)  (pid 26508)
Compiled ext-4.0.2a/locale/ext-lang-ukr.js  (3ms)  (pid 26508)
Compiled ext-4.0.2a/locale/ext-lang-vn.js  (1ms)  (pid 26508)
Compiled ext-4.0.2a/locale/ext-lang-zh_CN.js  (2ms)  (pid 26508)
Compiled ext-4.0.2a/locale/ext-lang-zh_TW.js  (3ms)  (pid 26508)
Completed 200 OK in 3345ms (Views: 3344.7ms | ActiveRecord: 0.0ms)


Started GET "/assets/ext-4.0.2a/ext-all-debug-w-comments.js?body=1" for 127.0.0.1 at Tue Oct 11 01:10:44 +0200 2011
Served asset /ext-4.0.2a/ext-all-debug-w-comments.js - 200 OK (120ms)


Started GET "/assets/ext-4.0.2a/bootstrap.js?body=1" for 127.0.0.1 at Tue Oct 11 01:10:44 +0200 2011
Served asset /ext-4.0.2a/bootstrap.js - 200 OK (12ms)


Started GET "/assets/ext-4.0.2a/ext-all-debug.js?body=1" for 127.0.0.1 at Tue Oct 11 01:10:44 +0200 2011
Served asset /ext-4.0.2a/ext-all-debug.js - 200 OK (71ms)


Started GET "/assets/application.css?body=1" for 127.0.0.1 at Tue Oct 11 01:10:44 +0200 2011
Served asset /application.css - 304 Not Modified (0ms)


Started GET "/assets/main.css?body=1" for 127.0.0.1 at Tue Oct 11 01:10:44 +0200 2011
Served asset /main.css - 304 Not Modified (4ms)


Started GET "/assets/jquery.js?body=1" for 127.0.0.1 at Tue Oct 11 01:10:44 +0200 2011
Served asset /jquery.js - 304 Not Modified (0ms)


Started GET "/assets/jquery_ujs.js?body=1" for 127.0.0.1 at Tue Oct 11 01:10:44 +0200 2011
Served asset /jquery_ujs.js - 304 Not Modified (0ms)


Started GET "/assets/ext-4.0.2a/ext-all-dev.js?body=1" for 127.0.0.1 at Tue Oct 11 01:10:44 +0200 2011
Served asset /ext-4.0.2a/ext-all-dev.js - 200 OK (227ms)


Started GET "/assets/ext-4.0.2a/ext-all.js?body=1" for 127.0.0.1 at Tue Oct 11 01:10:44 +0200 2011
Served asset /ext-4.0.2a/ext-all.js - 200 OK (31ms)


Started GET "/assets/ext-4.0.2a/ext-debug.js?body=1" for 127.0.0.1 at Tue Oct 11 01:10:44 +0200 2011
Served asset /ext-4.0.2a/ext-debug.js - 200 OK (117ms)


Started GET "/assets/ext-4.0.2a/ext-dev.js?body=1" for 127.0.0.1 at Tue Oct 11 01:10:45 +0200 2011
Served asset /ext-4.0.2a/ext-dev.js - 200 OK (80ms)


Started GET "/assets/ext-4.0.2a/ext.js?body=1" for 127.0.0.1 at Tue Oct 11 01:10:45 +0200 2011
Served asset /ext-4.0.2a/ext.js - 200 OK (22ms)


Started GET "/assets/ext-4.0.2a/locale/ext-lang-af.js?body=1" for 127.0.0.1 at Tue Oct 11 01:10:45 +0200 2011
Served asset /ext-4.0.2a/locale/ext-lang-af.js - 200 OK (10ms)


Started GET "/assets/ext-4.0.2a/locale/ext-lang-bg.js?body=1" for 127.0.0.1 at Tue Oct 11 01:10:45 +0200 2011
Served asset /ext-4.0.2a/locale/ext-lang-bg.js - 200 OK (7ms)


Started GET "/assets/ext-4.0.2a/locale/ext-lang-ca.js?body=1" for 127.0.0.1 at Tue Oct 11 01:10:45 +0200 2011
Served asset /ext-4.0.2a/locale/ext-lang-ca.js - 200 OK (9ms)


Started GET "/assets/ext-4.0.2a/locale/ext-lang-cs.js?body=1" for 127.0.0.1 at Tue Oct 11 01:10:45 +0200 2011
Served asset /ext-4.0.2a/locale/ext-lang-cs.js - 200 OK (6ms)


Started GET "/assets/ext-4.0.2a/locale/ext-lang-da.js?body=1" for 127.0.0.1 at Tue Oct 11 01:10:45 +0200 2011
Served asset /ext-4.0.2a/locale/ext-lang-da.js - 200 OK (6ms)


Started GET "/assets/ext-4.0.2a/locale/ext-lang-de.js?body=1" for 127.0.0.1 at Tue Oct 11 01:10:45 +0200 2011
Served asset /ext-4.0.2a/locale/ext-lang-de.js - 200 OK (10ms)


Started GET "/assets/ext-4.0.2a/locale/ext-lang-el_GR.js?body=1" for 127.0.0.1 at Tue Oct 11 01:10:45 +0200 2011
Served asset /ext-4.0.2a/locale/ext-lang-el_GR.js - 200 OK (9ms)


Started GET "/assets/ext-4.0.2a/locale/ext-lang-en.js?body=1" for 127.0.0.1 at Tue Oct 11 01:10:45 +0200 2011
Served asset /ext-4.0.2a/locale/ext-lang-en.js - 200 OK (7ms)


Started GET "/assets/ext-4.0.2a/locale/ext-lang-en_GB.js?body=1" for 127.0.0.1 at Tue Oct 11 01:10:45 +0200 2011
Served asset /ext-4.0.2a/locale/ext-lang-en_GB.js - 200 OK (9ms)


Started GET "/assets/ext-4.0.2a/locale/ext-lang-es.js?body=1" for 127.0.0.1 at Tue Oct 11 01:10:45 +0200 2011
Served asset /ext-4.0.2a/locale/ext-lang-es.js - 200 OK (8ms)


Started GET "/assets/ext-4.0.2a/locale/ext-lang-fa.js?body=1" for 127.0.0.1 at Tue Oct 11 01:10:45 +0200 2011
Served asset /ext-4.0.2a/locale/ext-lang-fa.js - 200 OK (9ms)


Started GET "/assets/ext-4.0.2a/locale/ext-lang-fi.js?body=1" for 127.0.0.1 at Tue Oct 11 01:10:45 +0200 2011
Served asset /ext-4.0.2a/locale/ext-lang-fi.js - 200 OK (9ms)


Started GET "/assets/ext-4.0.2a/locale/ext-lang-fr.js?body=1" for 127.0.0.1 at Tue Oct 11 01:10:45 +0200 2011
Served asset /ext-4.0.2a/locale/ext-lang-fr.js - 200 OK (24ms)


Started GET "/assets/ext-4.0.2a/locale/ext-lang-fr_CA.js?body=1" for 127.0.0.1 at Tue Oct 11 01:10:45 +0200 2011
Served asset /ext-4.0.2a/locale/ext-lang-fr_CA.js - 200 OK (11ms)


Started GET "/assets/ext-4.0.2a/locale/ext-lang-gr.js?body=1" for 127.0.0.1 at Tue Oct 11 01:10:45 +0200 2011
Served asset /ext-4.0.2a/locale/ext-lang-gr.js - 200 OK (12ms)


Started GET "/assets/ext-4.0.2a/locale/ext-lang-he.js?body=1" for 127.0.0.1 at Tue Oct 11 01:10:45 +0200 2011
Served asset /ext-4.0.2a/locale/ext-lang-he.js - 200 OK (6ms)


Started GET "/assets/ext-4.0.2a/locale/ext-lang-hr.js?body=1" for 127.0.0.1 at Tue Oct 11 01:10:45 +0200 2011
Served asset /ext-4.0.2a/locale/ext-lang-hr.js - 200 OK (12ms)


Started GET "/assets/ext-4.0.2a/locale/ext-lang-hu.js?body=1" for 127.0.0.1 at Tue Oct 11 01:10:45 +0200 2011
Served asset /ext-4.0.2a/locale/ext-lang-hu.js - 200 OK (7ms)


Started GET "/assets/ext-4.0.2a/locale/ext-lang-id.js?body=1" for 127.0.0.1 at Tue Oct 11 01:10:45 +0200 2011
Served asset /ext-4.0.2a/locale/ext-lang-id.js - 200 OK (7ms)


Started GET "/assets/ext-4.0.2a/locale/ext-lang-it.js?body=1" for 127.0.0.1 at Tue Oct 11 01:10:45 +0200 2011
Served asset /ext-4.0.2a/locale/ext-lang-it.js - 200 OK (9ms)


Started GET "/assets/ext-4.0.2a/locale/ext-lang-ja.js?body=1" for 127.0.0.1 at Tue Oct 11 01:10:45 +0200 2011
Served asset /ext-4.0.2a/locale/ext-lang-ja.js - 200 OK (8ms)


Started GET "/assets/ext-4.0.2a/locale/ext-lang-ko.js?body=1" for 127.0.0.1 at Tue Oct 11 01:10:45 +0200 2011
Served asset /ext-4.0.2a/locale/ext-lang-ko.js - 200 OK (6ms)


Started GET "/assets/ext-4.0.2a/locale/ext-lang-lt.js?body=1" for 127.0.0.1 at Tue Oct 11 01:10:45 +0200 2011
Served asset /ext-4.0.2a/locale/ext-lang-lt.js - 200 OK (7ms)


Started GET "/assets/ext-4.0.2a/locale/ext-lang-lv.js?body=1" for 127.0.0.1 at Tue Oct 11 01:10:45 +0200 2011
Served asset /ext-4.0.2a/locale/ext-lang-lv.js - 200 OK (7ms)


Started GET "/assets/ext-4.0.2a/locale/ext-lang-mk.js?body=1" for 127.0.0.1 at Tue Oct 11 01:10:45 +0200 2011
Served asset /ext-4.0.2a/locale/ext-lang-mk.js - 200 OK (5ms)


Started GET "/assets/ext-4.0.2a/locale/ext-lang-nl.js?body=1" for 127.0.0.1 at Tue Oct 11 01:10:45 +0200 2011
Served asset /ext-4.0.2a/locale/ext-lang-nl.js - 200 OK (11ms)


Started GET "/assets/ext-4.0.2a/locale/ext-lang-no_NB.js?body=1" for 127.0.0.1 at Tue Oct 11 01:10:45 +0200 2011
Served asset /ext-4.0.2a/locale/ext-lang-no_NB.js - 200 OK (6ms)


Started GET "/assets/ext-4.0.2a/locale/ext-lang-no_NN.js?body=1" for 127.0.0.1 at Tue Oct 11 01:10:45 +0200 2011
Served asset /ext-4.0.2a/locale/ext-lang-no_NN.js - 200 OK (6ms)


Started GET "/assets/ext-4.0.2a/locale/ext-lang-pl.js?body=1" for 127.0.0.1 at Tue Oct 11 01:10:45 +0200 2011
Served asset /ext-4.0.2a/locale/ext-lang-pl.js - 200 OK (10ms)


Started GET "/assets/ext-4.0.2a/locale/ext-lang-pt.js?body=1" for 127.0.0.1 at Tue Oct 11 01:10:45 +0200 2011
Served asset /ext-4.0.2a/locale/ext-lang-pt.js - 200 OK (100ms)


Started GET "/assets/ext-4.0.2a/locale/ext-lang-pt_BR.js?body=1" for 127.0.0.1 at Tue Oct 11 01:10:45 +0200 2011
Served asset /ext-4.0.2a/locale/ext-lang-pt_BR.js - 200 OK (8ms)


Started GET "/assets/ext-4.0.2a/locale/ext-lang-pt_PT.js?body=1" for 127.0.0.1 at Tue Oct 11 01:10:45 +0200 2011
Served asset /ext-4.0.2a/locale/ext-lang-pt_PT.js - 200 OK (10ms)


Started GET "/assets/ext-4.0.2a/locale/ext-lang-ro.js?body=1" for 127.0.0.1 at Tue Oct 11 01:10:45 +0200 2011
Served asset /ext-4.0.2a/locale/ext-lang-ro.js - 200 OK (7ms)


Started GET "/assets/ext-4.0.2a/locale/ext-lang-ru.js?body=1" for 127.0.0.1 at Tue Oct 11 01:10:45 +0200 2011
Served asset /ext-4.0.2a/locale/ext-lang-ru.js - 200 OK (7ms)


Started GET "/assets/ext-4.0.2a/locale/ext-lang-sk.js?body=1" for 127.0.0.1 at Tue Oct 11 01:10:45 +0200 2011
Served asset /ext-4.0.2a/locale/ext-lang-sk.js - 200 OK (7ms)


Started GET "/assets/ext-4.0.2a/locale/ext-lang-sl.js?body=1" for 127.0.0.1 at Tue Oct 11 01:10:45 +0200 2011
Served asset /ext-4.0.2a/locale/ext-lang-sl.js - 200 OK (33ms)


Started GET "/assets/ext-4.0.2a/locale/ext-lang-sr.js?body=1" for 127.0.0.1 at Tue Oct 11 01:10:46 +0200 2011
Served asset /ext-4.0.2a/locale/ext-lang-sr.js - 200 OK (10ms)


Started GET "/assets/ext-4.0.2a/locale/ext-lang-sr_RS.js?body=1" for 127.0.0.1 at Tue Oct 11 01:10:46 +0200 2011
Served asset /ext-4.0.2a/locale/ext-lang-sr_RS.js - 200 OK (15ms)


Started GET "/assets/ext-4.0.2a/locale/ext-lang-sv_SE.js?body=1" for 127.0.0.1 at Tue Oct 11 01:10:46 +0200 2011
Served asset /ext-4.0.2a/locale/ext-lang-sv_SE.js - 200 OK (11ms)


Started GET "/assets/ext-4.0.2a/locale/ext-lang-th.js?body=1" for 127.0.0.1 at Tue Oct 11 01:10:46 +0200 2011
Served asset /ext-4.0.2a/locale/ext-lang-th.js - 200 OK (11ms)


Started GET "/assets/ext-4.0.2a/locale/ext-lang-tr.js?body=1" for 127.0.0.1 at Tue Oct 11 01:10:46 +0200 2011
Served asset /ext-4.0.2a/locale/ext-lang-tr.js - 200 OK (11ms)


Started GET "/assets/ext-4.0.2a/locale/ext-lang-ukr.js?body=1" for 127.0.0.1 at Tue Oct 11 01:10:46 +0200 2011
Served asset /ext-4.0.2a/locale/ext-lang-ukr.js - 200 OK (7ms)


Started GET "/assets/ext-4.0.2a/locale/ext-lang-vn.js?body=1" for 127.0.0.1 at Tue Oct 11 01:10:46 +0200 2011
Served asset /ext-4.0.2a/locale/ext-lang-vn.js - 200 OK (8ms)


Started GET "/assets/ext-4.0.2a/locale/ext-lang-zh_CN.js?body=1" for 127.0.0.1 at Tue Oct 11 01:10:46 +0200 2011
Served asset /ext-4.0.2a/locale/ext-lang-zh_CN.js - 200 OK (8ms)


Started GET "/assets/ext-4.0.2a/locale/ext-lang-zh_TW.js?body=1" for 127.0.0.1 at Tue Oct 11 01:10:46 +0200 2011
Served asset /ext-4.0.2a/locale/ext-lang-zh_TW.js - 200 OK (10ms)


Started GET "/assets/main.js?body=1" for 127.0.0.1 at Tue Oct 11 01:10:46 +0200 2011
Served asset /main.js - 304 Not Modified (0ms)


Started GET "/assets/application.js?body=1" for 127.0.0.1 at Tue Oct 11 01:10:46 +0200 2011
Served asset /application.js - 200 OK (214ms)


Started GET "/main/undefinedext-all-debug.js" for 127.0.0.1 at Tue Oct 11 01:10:46 +0200 2011

ActionController::RoutingError (No route matches [GET] "/main/undefinedext-all-debug.js"):
  

Rendered /Users/wezzy/.rvm/gems/ruby-1.8.7-p352/gems/actionpack-3.1.0/lib/action_dispatch/middleware/templates/rescues/routing_error.erb within rescues/layout (0.6ms)


Started GET "/main/index" for 127.0.0.1 at Tue Oct 11 01:11:41 +0200 2011
  Processing by MainController#index as HTML
Rendered main/index.html.erb within layouts/application (0.1ms)
Compiled application.js  (6ms)  (pid 26508)
Compiled cad.js  (174ms)  (pid 26508)
Completed 200 OK in 385ms (Views: 384.9ms | ActiveRecord: 0.0ms)


Started GET "/assets/cad.js?body=1" for 127.0.0.1 at Tue Oct 11 01:11:42 +0200 2011
Served asset /cad.js - 200 OK (7ms)


Started GET "/assets/application.css?body=1" for 127.0.0.1 at Tue Oct 11 01:11:42 +0200 2011
Served asset /application.css - 304 Not Modified (0ms)


Started GET "/assets/main.css?body=1" for 127.0.0.1 at Tue Oct 11 01:11:42 +0200 2011
Served asset /main.css - 304 Not Modified (0ms)


Started GET "/assets/jquery.js?body=1" for 127.0.0.1 at Tue Oct 11 01:11:42 +0200 2011
Served asset /jquery.js - 304 Not Modified (0ms)


Started GET "/assets/jquery_ujs.js?body=1" for 127.0.0.1 at Tue Oct 11 01:11:42 +0200 2011
Served asset /jquery_ujs.js - 304 Not Modified (0ms)


Started GET "/assets/main.js?body=1" for 127.0.0.1 at Tue Oct 11 01:11:42 +0200 2011
Served asset /main.js - 304 Not Modified (0ms)


Started GET "/assets/application.js?body=1" for 127.0.0.1 at Tue Oct 11 01:11:42 +0200 2011
Served asset /application.js - 200 OK (258ms)


Started GET "/" for 127.0.0.1 at 2011-10-11 08:06:05 +0200

ActionController::RoutingError (No route matches [GET] "/"):
  

Rendered /Users/g3z/.rvm/gems/ruby-1.9.2-p290/gems/actionpack-3.1.0/lib/action_dispatch/middleware/templates/rescues/routing_error.erb within rescues/layout (17.3ms)


Started GET "/" for 127.0.0.1 at 2011-10-11 08:06:06 +0200

ActionController::RoutingError (No route matches [GET] "/"):
  

Rendered /Users/g3z/.rvm/gems/ruby-1.9.2-p290/gems/actionpack-3.1.0/lib/action_dispatch/middleware/templates/rescues/routing_error.erb within rescues/layout (1.6ms)


Started GET "/" for 127.0.0.1 at 2011-10-11 19:35:50 +0200

ActionController::RoutingError (No route matches [GET] "/"):
  

Rendered /Users/g3z/.rvm/gems/ruby-1.9.2-p290/gems/actionpack-3.1.0/lib/action_dispatch/middleware/templates/rescues/routing_error.erb within rescues/layout (20.9ms)


Started GET "/c" for 127.0.0.1 at 2011-10-11 19:35:54 +0200

ActionController::RoutingError (No route matches [GET] "/c"):
  

Rendered /Users/g3z/.rvm/gems/ruby-1.9.2-p290/gems/actionpack-3.1.0/lib/action_dispatch/middleware/templates/rescues/routing_error.erb within rescues/layout (1.1ms)


Started GET "/cont" for 127.0.0.1 at 2011-10-11 19:35:55 +0200

ActionController::RoutingError (No route matches [GET] "/cont"):
  

Rendered /Users/g3z/.rvm/gems/ruby-1.9.2-p290/gems/actionpack-3.1.0/lib/action_dispatch/middleware/templates/rescues/routing_error.erb within rescues/layout (1.6ms)


Started GET "/contro" for 127.0.0.1 at 2011-10-11 19:35:55 +0200

ActionController::RoutingError (No route matches [GET] "/contro"):
  

Rendered /Users/g3z/.rvm/gems/ruby-1.9.2-p290/gems/actionpack-3.1.0/lib/action_dispatch/middleware/templates/rescues/routing_error.erb within rescues/layout (1.0ms)


Started GET "/controller" for 127.0.0.1 at 2011-10-11 19:35:55 +0200

ActionController::RoutingError (No route matches [GET] "/controller"):
  

Rendered /Users/g3z/.rvm/gems/ruby-1.9.2-p290/gems/actionpack-3.1.0/lib/action_dispatch/middleware/templates/rescues/routing_error.erb within rescues/layout (1.2ms)


Started GET "/a" for 127.0.0.1 at 2011-10-11 19:36:10 +0200

ActionController::RoutingError (No route matches [GET] "/a"):
  

Rendered /Users/g3z/.rvm/gems/ruby-1.9.2-p290/gems/actionpack-3.1.0/lib/action_dispatch/middleware/templates/rescues/routing_error.erb within rescues/layout (1.5ms)


Started GET "/app" for 127.0.0.1 at 2011-10-11 19:36:11 +0200

ActionController::RoutingError (No route matches [GET] "/app"):
  

Rendered /Users/g3z/.rvm/gems/ruby-1.9.2-p290/gems/actionpack-3.1.0/lib/action_dispatch/middleware/templates/rescues/routing_error.erb within rescues/layout (1.4ms)


Started GET "/" for 127.0.0.1 at 2011-10-11 19:36:37 +0200

ActionController::RoutingError (No route matches [GET] "/"):
  

Rendered /Users/g3z/.rvm/gems/ruby-1.9.2-p290/gems/actionpack-3.1.0/lib/action_dispatch/middleware/templates/rescues/routing_error.erb within rescues/layout (1.0ms)
